Using pre-set license
Built from '2020.2/staging' branch; Version is '2020.2.6f1 (8a2143876886) revision 9052483'; Using compiler version '192528614'; Build Type 'Release'
OS: 'Windows 10 Pro; OS build 22631.3880; Version 2009; 64bit' Language: 'en' Physical Memory: 16003 MB
BatchMode: 1, IsHumanControllingUs: 0, StartBugReporterOnCrash: 0, Is64bit: 1, IsPro: 0

 COMMAND LINE ARGUMENTS:
C:\Program Files\Unity\Hub\Editor\2020.2.6f1\Editor\Unity.exe
-adb2
-batchMode
-noUpm
-name
AssetImportWorker0
-projectPath
D:/Interior final/New Unity Project
-logFile
Logs/AssetImportWorker0.log
-srvPort
50109
Successfully changed project path to: D:/Interior final/New Unity Project
D:/Interior final/New Unity Project
Using Asset Import Pipeline V2.
Refreshing native plugins compatible for Editor in 114.44 ms, found 0 plugins.
Preloading 0 native plugins for Editor in 0.00 ms.
Initialize engine version: 2020.2.6f1 (8a2143876886)
[Subsystems] Discovering subsystems at path C:/Program Files/Unity/Hub/Editor/2020.2.6f1/Editor/Data/Resources/UnitySubsystems
[Subsystems] Discovering subsystems at path D:/Interior final/New Unity Project/Assets
GfxDevice: creating device client; threaded=0
Direct3D:
    Version:  Direct3D 11.0 [level 11.1]
    Renderer: Intel(R) UHD Graphics 620 (ID=0x5917)
    Vendor:   
    VRAM:     8001 MB
    Driver:   31.0.101.2121
Shader 'Universal Render Pipeline/Particles/Lit': fallback shader 'Universal Render Pipeline/Particles/SimpleLit' not found
Initialize mono
Mono path[0] = 'C:/Program Files/Unity/Hub/Editor/2020.2.6f1/Editor/Data/Managed'
Mono path[1] = 'C:/Program Files/Unity/Hub/Editor/2020.2.6f1/Editor/Data/MonoBleedingEdge/lib/mono/unityjit'
Mono config path = 'C:/Program Files/Unity/Hub/Editor/2020.2.6f1/Editor/Data/MonoBleedingEdge/etc'
Using monoOptions --debugger-agent=transport=dt_socket,embedding=1,server=y,suspend=n,address=127.0.0.1:56976
Begin MonoManager ReloadAssembly
Registering precompiled unity dll's ...
Register platform support module: C:/Program Files/Unity/Hub/Editor/2020.2.6f1/Editor/Data/PlaybackEngines/WindowsStandaloneSupport/UnityEditor.WindowsStandalone.Extensions.dll
Registered in 0.004272 seconds.
Native extension for WindowsStandalone target not found
Refreshing native plugins compatible for Editor in 102.57 ms, found 0 plugins.
Preloading 0 native plugins for Editor in 0.00 ms.
Invoked RoslynAnalysisRunner static constructor.
RoslynAnalysisRunner will not be running.
RoslynAnalysisRunner has terminated.
Mono: successfully reloaded assembly
- Completed reload, in  2.993 seconds
Platform modules already initialized, skipping
Registering precompiled user dll's ...
Registered in 0.002259 seconds.
Begin MonoManager ReloadAssembly
Native extension for WindowsStandalone target not found
Refreshing native plugins compatible for Editor in 98.22 ms, found 0 plugins.
Preloading 0 native plugins for Editor in 0.00 ms.
Invoked RoslynAnalysisRunner static constructor.
RoslynAnalysisRunner will not be running.
RoslynAnalysisRunner has terminated.
Mono: successfully reloaded assembly
- Completed reload, in  2.082 seconds
Platform modules already initialized, skipping
========================================================================
Worker process is ready to serve import requests
Shader 'Universal Render Pipeline/Particles/Lit': fallback shader 'Universal Render Pipeline/Particles/SimpleLit' not found
Launched and connected shader compiler UnityShaderCompiler.exe after 0.23 seconds
Refreshing native plugins compatible for Editor in 1.17 ms, found 0 plugins.
Preloading 0 native plugins for Editor in 0.00 ms.
Unloading 2357 Unused Serialized files (Serialized files now loaded: 0)
System memory in use before: 109.3 MB.
System memory in use after: 109.5 MB.

Unloading 10 unused Assets to reduce memory usage. Loaded Objects now: 2806.
Total: 8.297700 ms (FindLiveObjects: 1.108500 ms CreateObjectMapping: 0.441800 ms MarkObjects: 6.397900 ms  DeleteObjects: 0.344200 ms)

========================================================================
Received Import Request.
  path: Assets/Sceneloda/LightingData.asset
  artifactKey: Guid(fda4a771928f00b448f3fc85a2a3647f) Importer(815301076,1909f56bfc062723c751e8b465ee728b)
Start importing Assets/Sceneloda/LightingData.asset using Guid(fda4a771928f00b448f3fc85a2a3647f) Importer(815301076,1909f56bfc062723c751e8b465ee728b)  -> (artifact id: 'c52f8e40a45317cd8f11f292d49c5639') in 0.271875 seconds
  Import took 0.289524 seconds .

========================================================================
Received Import Request.
  Time since last request: 14.343180 seconds.
  path: Assets/Furniture_ges1/sceneSettings.lighting
  artifactKey: Guid(50cae020e099e774d96d6c130c9ea31f) Importer(815301076,1909f56bfc062723c751e8b465ee728b)
Start importing Assets/Furniture_ges1/sceneSettings.lighting using Guid(50cae020e099e774d96d6c130c9ea31f) Importer(815301076,1909f56bfc062723c751e8b465ee728b) LightingSettings: switching bake backend from 1 to 0.
 -> (artifact id: 'cd5639ceb1018af9fc5e41cab8f1cd65') in 0.040579 seconds
  Import took 0.053642 seconds .

========================================================================
Received Import Request.
  Time since last request: 0.008068 seconds.
  path: Assets/Furniture_ges1/sceneSettings.lighting
  artifactKey: Guid(50cae020e099e774d96d6c130c9ea31f) Importer(815301076,1909f56bfc062723c751e8b465ee728b)
Start importing Assets/Furniture_ges1/sceneSettings.lighting using Guid(50cae020e099e774d96d6c130c9ea31f) Importer(815301076,1909f56bfc062723c751e8b465ee728b) LightingSettings: switching bake backend from 1 to 0.
 -> (artifact id: 'cd5639ceb1018af9fc5e41cab8f1cd65') in 0.010405 seconds
  Import took 0.024453 seconds .

========================================================================
Received Import Request.
  Time since last request: 3.332136 seconds.
  path: Assets/Furniture_ges1/screen
  artifactKey: Guid(d89481eca6653f3428949281efbfa70e) Importer(815301076,1909f56bfc062723c751e8b465ee728b)
Start importing Assets/Furniture_ges1/screen using Guid(d89481eca6653f3428949281efbfa70e) Importer(815301076,1909f56bfc062723c751e8b465ee728b)  -> (artifact id: '90d8ebadb2174db2ab7824f628451b74') in 0.061346 seconds
  Import took 0.076431 seconds .

========================================================================
Received Import Request.
  Time since last request: 0.003196 seconds.
  path: Assets/Furniture_ges1/screen
  artifactKey: Guid(d89481eca6653f3428949281efbfa70e) Importer(815301076,1909f56bfc062723c751e8b465ee728b)
Start importing Assets/Furniture_ges1/screen using Guid(d89481eca6653f3428949281efbfa70e) Importer(815301076,1909f56bfc062723c751e8b465ee728b)  -> (artifact id: '90d8ebadb2174db2ab7824f628451b74') in 0.009777 seconds
  Import took 0.024932 seconds .

========================================================================
Received Import Request.
  Time since last request: 0.814828 seconds.
  path: Assets/Furniture_ges1/scene
  artifactKey: Guid(ab05e732df188004fac19a00396643bb) Importer(815301076,1909f56bfc062723c751e8b465ee728b)
Start importing Assets/Furniture_ges1/scene using Guid(ab05e732df188004fac19a00396643bb) Importer(815301076,1909f56bfc062723c751e8b465ee728b)  -> (artifact id: 'e1524580d2d3b88fe9d5fd3e182bddcd') in 0.031954 seconds
  Import took 0.047514 seconds .

========================================================================
Received Import Request.
  Time since last request: 0.016761 seconds.
  path: Assets/Furniture_ges1/scene
  artifactKey: Guid(ab05e732df188004fac19a00396643bb) Importer(815301076,1909f56bfc062723c751e8b465ee728b)
Start importing Assets/Furniture_ges1/scene using Guid(ab05e732df188004fac19a00396643bb) Importer(815301076,1909f56bfc062723c751e8b465ee728b)  -> (artifact id: 'e1524580d2d3b88fe9d5fd3e182bddcd') in 0.008186 seconds
  Import took 0.022821 seconds .

========================================================================
Received Import Request.
  Time since last request: 21.130694 seconds.
  path: Assets/ModularFirstPersonController/DemoScene/Gridbox Prototype Materials/Resources/Textures
  artifactKey: Guid(a1eecf8d7e6ca0e4cbf451a621a5a5a5) Importer(815301076,1909f56bfc062723c751e8b465ee728b)
Start importing Assets/ModularFirstPersonController/DemoScene/Gridbox Prototype Materials/Resources/Textures using Guid(a1eecf8d7e6ca0e4cbf451a621a5a5a5) Importer(815301076,1909f56bfc062723c751e8b465ee728b)  -> (artifact id: '87bfb8439f8e7bb008602fce23dfc2b9') in 0.065182 seconds
  Import took 0.079518 seconds .

========================================================================
Received Import Request.
  Time since last request: 5.624092 seconds.
  path: Assets/ModularFirstPersonController/FirstPersonController/FirstPersonController.cs
  artifactKey: Guid(d90ba6530d9bfda47abb4610956b2f44) Importer(815301076,1909f56bfc062723c751e8b465ee728b)
Start importing Assets/ModularFirstPersonController/FirstPersonController/FirstPersonController.cs using Guid(d90ba6530d9bfda47abb4610956b2f44) Importer(815301076,1909f56bfc062723c751e8b465ee728b)  -> (artifact id: '8d2d3c4798a98a10f7b30ab8ead45fab') in 0.038323 seconds
  Import took 0.047913 seconds .

========================================================================
Received Prepare
Registering precompiled user dll's ...
Registered in 0.002592 seconds.
Begin MonoManager ReloadAssembly
Native extension for WindowsStandalone target not found
Refreshing native plugins compatible for Editor in 0.79 ms, found 0 plugins.
Preloading 0 native plugins for Editor in 0.00 ms.
Invoked RoslynAnalysisRunner static constructor.
RoslynAnalysisRunner will not be running.
RoslynAnalysisRunner has terminated.
Mono: successfully reloaded assembly
- Completed reload, in  3.222 seconds
Platform modules already initialized, skipping
Shader 'Universal Render Pipeline/Particles/Lit': fallback shader 'Universal Render Pipeline/Particles/SimpleLit' not found
Refreshing native plugins compatible for Editor in 1.33 ms, found 0 plugins.
Preloading 0 native plugins for Editor in 0.00 ms.
Unloading 2296 Unused Serialized files (Serialized files now loaded: 0)
System memory in use before: 105.0 MB.
System memory in use after: 105.2 MB.

Unloading 5 unused Assets to reduce memory usage. Loaded Objects now: 2808.
Total: 8.927100 ms (FindLiveObjects: 0.860300 ms CreateObjectMapping: 0.528100 ms MarkObjects: 7.437900 ms  DeleteObjects: 0.093600 ms)

AssetImportWorkerClient::OnTransportError - code=2 error=End of file
